ARM GAS  C:\Users\Vento\AppData\Local\Temp\ccyqHB4C.s 			page 1


   1              		.cpu cortex-m3
   2              		.eabi_attribute 20, 1
   3              		.eabi_attribute 21, 1
   4              		.eabi_attribute 23, 3
   5              		.eabi_attribute 24, 1
   6              		.eabi_attribute 25, 1
   7              		.eabi_attribute 26, 1
   8              		.eabi_attribute 30, 1
   9              		.eabi_attribute 34, 1
  10              		.eabi_attribute 18, 4
  11              		.file	"io.c"
  12              		.text
  13              	.Ltext0:
  14              		.cfi_sections	.debug_frame
  15              		.section	.text.gpio_get_state,"ax",%progbits
  16              		.align	1
  17              		.global	gpio_get_state
  18              		.arch armv7-m
  19              		.syntax unified
  20              		.thumb
  21              		.thumb_func
  22              		.fpu softvfp
  24              	gpio_get_state:
  25              	.LVL0:
  26              	.LFB74:
  27              		.file 1 "Src/io.c"
   1:Src/io.c      **** /*
   2:Src/io.c      ****  * io.c
   3:Src/io.c      ****  *
   4:Src/io.c      ****  *  Created on: Dec 3, 2021
   5:Src/io.c      ****  *      Author: manht
   6:Src/io.c      ****  */
   7:Src/io.c      **** 
   8:Src/io.c      **** #include "io.h"
   9:Src/io.c      **** 
  10:Src/io.c      **** static gpio_p gpio_proc = {
  11:Src/io.c      **** 		gpio_get_state,
  12:Src/io.c      **** 		gpio_set_state
  13:Src/io.c      **** };
  14:Src/io.c      **** 
  15:Src/io.c      **** static void(*io_events)(uint32_t pin) = NULL;
  16:Src/io.c      **** 
  17:Src/io.c      **** void initIO() {
  18:Src/io.c      ****     __HAL_RCC_GPIOC_CLK_ENABLE();
  19:Src/io.c      ****     __HAL_RCC_GPIOB_CLK_ENABLE();
  20:Src/io.c      ****     __HAL_RCC_GPIOA_CLK_ENABLE();
  21:Src/io.c      ****     (void)io_events;
  22:Src/io.c      **** }
  23:Src/io.c      **** 
  24:Src/io.c      **** void deinitIO() {
  25:Src/io.c      ****     __HAL_RCC_GPIOC_CLK_DISABLE();
  26:Src/io.c      ****     __HAL_RCC_GPIOB_CLK_DISABLE();
  27:Src/io.c      ****     __HAL_RCC_GPIOA_CLK_DISABLE();
  28:Src/io.c      **** }
  29:Src/io.c      **** 
  30:Src/io.c      **** void registerIOIntr(void(*callback)(uint32_t pin)) {
  31:Src/io.c      ****     io_events = callback;
ARM GAS  C:\Users\Vento\AppData\Local\Temp\ccyqHB4C.s 			page 2


  32:Src/io.c      **** }
  33:Src/io.c      **** 
  34:Src/io.c      **** gpio_t* gpio_create(void* port, uint32_t pin, uint32_t mode, uint32_t speed, uint32_t pull) {
  35:Src/io.c      ****     return NULL;
  36:Src/io.c      **** }
  37:Src/io.c      **** 
  38:Src/io.c      **** gpio_t* gpio_create_static(void* port, uint32_t pin, uint32_t mode, uint32_t speed, uint32_t pull) 
  39:Src/io.c      ****     static gpio_t gpio = {0};
  40:Src/io.c      ****     gpio.port = port;
  41:Src/io.c      ****     gpio.pin = pin;
  42:Src/io.c      ****     gpio.mode = mode;
  43:Src/io.c      ****     gpio.speed = speed;
  44:Src/io.c      ****     gpio.pull = pull;
  45:Src/io.c      ****     gpio.proc = &gpio_proc;
  46:Src/io.c      ****     return &gpio;
  47:Src/io.c      **** }
  48:Src/io.c      **** 
  49:Src/io.c      **** gpio_t* gpio_create_base(gpio_t* init, void* port, uint32_t pin, uint32_t mode, uint32_t speed, uin
  50:Src/io.c      ****     if (init != NULL) {
  51:Src/io.c      **** 		init->pin = pin;
  52:Src/io.c      **** 		init->port = port;
  53:Src/io.c      ****         init->mode = mode;
  54:Src/io.c      ****         init->speed = speed;
  55:Src/io.c      **** 		init->proc = &gpio_proc;
  56:Src/io.c      **** 	}
  57:Src/io.c      **** 	return init;
  58:Src/io.c      **** }
  59:Src/io.c      **** 
  60:Src/io.c      **** bool gpio_get_state(gpio_t* gpio) {
  28              		.loc 1 60 35 view -0
  29              		.cfi_startproc
  30              		@ args = 0, pretend = 0, frame = 0
  31              		@ frame_needed = 0, uses_anonymous_args = 0
  32              		@ link register save eliminated.
  61:Src/io.c      ****     if (gpio->port != 0) {
  33              		.loc 1 61 5 view .LVU1
  34              		.loc 1 61 13 is_stmt 0 view .LVU2
  35 0000 4368     		ldr	r3, [r0, #4]
  36              		.loc 1 61 8 view .LVU3
  37 0002 33B1     		cbz	r3, .L3
  62:Src/io.c      ****         return ((((GPIO_TypeDef*)(gpio->port))->IDR & gpio->pin) != (uint32_t)GPIO_PIN_RESET) ? tru
  38              		.loc 1 62 9 is_stmt 1 view .LVU4
  39              		.loc 1 62 47 is_stmt 0 view .LVU5
  40 0004 9A68     		ldr	r2, [r3, #8]
  41              		.loc 1 62 59 view .LVU6
  42 0006 8368     		ldr	r3, [r0, #8]
  43              		.loc 1 62 102 view .LVU7
  44 0008 1A42     		tst	r2, r3
  45 000a 14BF     		ite	ne
  46 000c 0120     		movne	r0, #1
  47              	.LVL1:
  48              		.loc 1 62 102 view .LVU8
  49 000e 0020     		moveq	r0, #0
  50 0010 7047     		bx	lr
  51              	.LVL2:
  52              	.L3:
  63:Src/io.c      ****     }
ARM GAS  C:\Users\Vento\AppData\Local\Temp\ccyqHB4C.s 			page 3


  64:Src/io.c      ****     return 0;
  53              		.loc 1 64 12 view .LVU9
  54 0012 0020     		movs	r0, #0
  55              	.LVL3:
  65:Src/io.c      **** }
  56              		.loc 1 65 1 view .LVU10
  57 0014 7047     		bx	lr
  58              		.cfi_endproc
  59              	.LFE74:
  61              		.section	.text.gpio_set_state,"ax",%progbits
  62              		.align	1
  63              		.global	gpio_set_state
  64              		.syntax unified
  65              		.thumb
  66              		.thumb_func
  67              		.fpu softvfp
  69              	gpio_set_state:
  70              	.LVL4:
  71              	.LFB75:
  66:Src/io.c      **** 
  67:Src/io.c      **** void gpio_set_state(gpio_t* gpio, bool state) {
  72              		.loc 1 67 47 is_stmt 1 view -0
  73              		.cfi_startproc
  74              		@ args = 0, pretend = 0, frame = 0
  75              		@ frame_needed = 0, uses_anonymous_args = 0
  76              		@ link register save eliminated.
  68:Src/io.c      ****     if (gpio->port != 0) {
  77              		.loc 1 68 5 view .LVU12
  78              		.loc 1 68 13 is_stmt 0 view .LVU13
  79 0000 4368     		ldr	r3, [r0, #4]
  80              		.loc 1 68 8 view .LVU14
  81 0002 2BB1     		cbz	r3, .L4
  69:Src/io.c      ****         if (state)
  82              		.loc 1 69 9 is_stmt 1 view .LVU15
  83              		.loc 1 69 12 is_stmt 0 view .LVU16
  84 0004 11B1     		cbz	r1, .L6
  70:Src/io.c      ****             ((GPIO_TypeDef*)(gpio->port))->BSRR = (uint32_t)gpio->pin;
  85              		.loc 1 70 13 is_stmt 1 view .LVU17
  86              		.loc 1 70 65 is_stmt 0 view .LVU18
  87 0006 8268     		ldr	r2, [r0, #8]
  88              		.loc 1 70 49 view .LVU19
  89 0008 1A61     		str	r2, [r3, #16]
  90 000a 7047     		bx	lr
  91              	.L6:
  71:Src/io.c      ****         else
  72:Src/io.c      ****             ((GPIO_TypeDef*)(gpio->port))->BRR = (uint32_t)gpio->pin;
  92              		.loc 1 72 13 is_stmt 1 view .LVU20
  93              		.loc 1 72 64 is_stmt 0 view .LVU21
  94 000c 8268     		ldr	r2, [r0, #8]
  95              		.loc 1 72 48 view .LVU22
  96 000e 5A61     		str	r2, [r3, #20]
  97              	.L4:
  73:Src/io.c      ****     }
  74:Src/io.c      **** 
  75:Src/io.c      **** }
  98              		.loc 1 75 1 view .LVU23
  99 0010 7047     		bx	lr
ARM GAS  C:\Users\Vento\AppData\Local\Temp\ccyqHB4C.s 			page 4


 100              		.cfi_endproc
 101              	.LFE75:
 103              		.section	.text.initIO,"ax",%progbits
 104              		.align	1
 105              		.global	initIO
 106              		.syntax unified
 107              		.thumb
 108              		.thumb_func
 109              		.fpu softvfp
 111              	initIO:
 112              	.LFB68:
  17:Src/io.c      ****     __HAL_RCC_GPIOC_CLK_ENABLE();
 113              		.loc 1 17 15 is_stmt 1 view -0
 114              		.cfi_startproc
 115              		@ args = 0, pretend = 0, frame = 16
 116              		@ frame_needed = 0, uses_anonymous_args = 0
 117              		@ link register save eliminated.
 118 0000 84B0     		sub	sp, sp, #16
 119              	.LCFI0:
 120              		.cfi_def_cfa_offset 16
  18:Src/io.c      ****     __HAL_RCC_GPIOB_CLK_ENABLE();
 121              		.loc 1 18 5 view .LVU25
 122              	.LBB2:
  18:Src/io.c      ****     __HAL_RCC_GPIOB_CLK_ENABLE();
 123              		.loc 1 18 5 view .LVU26
  18:Src/io.c      ****     __HAL_RCC_GPIOB_CLK_ENABLE();
 124              		.loc 1 18 5 view .LVU27
 125 0002 0F4B     		ldr	r3, .L9
 126 0004 9A69     		ldr	r2, [r3, #24]
 127 0006 42F01002 		orr	r2, r2, #16
 128 000a 9A61     		str	r2, [r3, #24]
  18:Src/io.c      ****     __HAL_RCC_GPIOB_CLK_ENABLE();
 129              		.loc 1 18 5 view .LVU28
 130 000c 9A69     		ldr	r2, [r3, #24]
 131 000e 02F01002 		and	r2, r2, #16
 132 0012 0192     		str	r2, [sp, #4]
  18:Src/io.c      ****     __HAL_RCC_GPIOB_CLK_ENABLE();
 133              		.loc 1 18 5 view .LVU29
 134 0014 019A     		ldr	r2, [sp, #4]
 135              	.LBE2:
  18:Src/io.c      ****     __HAL_RCC_GPIOB_CLK_ENABLE();
 136              		.loc 1 18 5 view .LVU30
  19:Src/io.c      ****     __HAL_RCC_GPIOA_CLK_ENABLE();
 137              		.loc 1 19 5 view .LVU31
 138              	.LBB3:
  19:Src/io.c      ****     __HAL_RCC_GPIOA_CLK_ENABLE();
 139              		.loc 1 19 5 view .LVU32
  19:Src/io.c      ****     __HAL_RCC_GPIOA_CLK_ENABLE();
 140              		.loc 1 19 5 view .LVU33
 141 0016 9A69     		ldr	r2, [r3, #24]
 142 0018 42F00802 		orr	r2, r2, #8
 143 001c 9A61     		str	r2, [r3, #24]
  19:Src/io.c      ****     __HAL_RCC_GPIOA_CLK_ENABLE();
 144              		.loc 1 19 5 view .LVU34
 145 001e 9A69     		ldr	r2, [r3, #24]
 146 0020 02F00802 		and	r2, r2, #8
 147 0024 0292     		str	r2, [sp, #8]
ARM GAS  C:\Users\Vento\AppData\Local\Temp\ccyqHB4C.s 			page 5


  19:Src/io.c      ****     __HAL_RCC_GPIOA_CLK_ENABLE();
 148              		.loc 1 19 5 view .LVU35
 149 0026 029A     		ldr	r2, [sp, #8]
 150              	.LBE3:
  19:Src/io.c      ****     __HAL_RCC_GPIOA_CLK_ENABLE();
 151              		.loc 1 19 5 view .LVU36
  20:Src/io.c      ****     (void)io_events;
 152              		.loc 1 20 5 view .LVU37
 153              	.LBB4:
  20:Src/io.c      ****     (void)io_events;
 154              		.loc 1 20 5 view .LVU38
  20:Src/io.c      ****     (void)io_events;
 155              		.loc 1 20 5 view .LVU39
 156 0028 9A69     		ldr	r2, [r3, #24]
 157 002a 42F00402 		orr	r2, r2, #4
 158 002e 9A61     		str	r2, [r3, #24]
  20:Src/io.c      ****     (void)io_events;
 159              		.loc 1 20 5 view .LVU40
 160 0030 9B69     		ldr	r3, [r3, #24]
 161 0032 03F00403 		and	r3, r3, #4
 162 0036 0393     		str	r3, [sp, #12]
  20:Src/io.c      ****     (void)io_events;
 163              		.loc 1 20 5 view .LVU41
 164 0038 039B     		ldr	r3, [sp, #12]
 165              	.LBE4:
  20:Src/io.c      ****     (void)io_events;
 166              		.loc 1 20 5 view .LVU42
  21:Src/io.c      **** }
 167              		.loc 1 21 5 view .LVU43
  22:Src/io.c      **** 
 168              		.loc 1 22 1 is_stmt 0 view .LVU44
 169 003a 04B0     		add	sp, sp, #16
 170              	.LCFI1:
 171              		.cfi_def_cfa_offset 0
 172              		@ sp needed
 173 003c 7047     		bx	lr
 174              	.L10:
 175 003e 00BF     		.align	2
 176              	.L9:
 177 0040 00100240 		.word	1073876992
 178              		.cfi_endproc
 179              	.LFE68:
 181              		.section	.text.deinitIO,"ax",%progbits
 182              		.align	1
 183              		.global	deinitIO
 184              		.syntax unified
 185              		.thumb
 186              		.thumb_func
 187              		.fpu softvfp
 189              	deinitIO:
 190              	.LFB69:
  24:Src/io.c      ****     __HAL_RCC_GPIOC_CLK_DISABLE();
 191              		.loc 1 24 17 is_stmt 1 view -0
 192              		.cfi_startproc
 193              		@ args = 0, pretend = 0, frame = 0
 194              		@ frame_needed = 0, uses_anonymous_args = 0
 195              		@ link register save eliminated.
ARM GAS  C:\Users\Vento\AppData\Local\Temp\ccyqHB4C.s 			page 6


  25:Src/io.c      ****     __HAL_RCC_GPIOB_CLK_DISABLE();
 196              		.loc 1 25 5 view .LVU46
 197 0000 064B     		ldr	r3, .L12
 198 0002 9A69     		ldr	r2, [r3, #24]
 199 0004 22F01002 		bic	r2, r2, #16
 200 0008 9A61     		str	r2, [r3, #24]
  26:Src/io.c      ****     __HAL_RCC_GPIOA_CLK_DISABLE();
 201              		.loc 1 26 5 view .LVU47
 202 000a 9A69     		ldr	r2, [r3, #24]
 203 000c 22F00802 		bic	r2, r2, #8
 204 0010 9A61     		str	r2, [r3, #24]
  27:Src/io.c      **** }
 205              		.loc 1 27 5 view .LVU48
 206 0012 9A69     		ldr	r2, [r3, #24]
 207 0014 22F00402 		bic	r2, r2, #4
 208 0018 9A61     		str	r2, [r3, #24]
  28:Src/io.c      **** 
 209              		.loc 1 28 1 is_stmt 0 view .LVU49
 210 001a 7047     		bx	lr
 211              	.L13:
 212              		.align	2
 213              	.L12:
 214 001c 00100240 		.word	1073876992
 215              		.cfi_endproc
 216              	.LFE69:
 218              		.section	.text.registerIOIntr,"ax",%progbits
 219              		.align	1
 220              		.global	registerIOIntr
 221              		.syntax unified
 222              		.thumb
 223              		.thumb_func
 224              		.fpu softvfp
 226              	registerIOIntr:
 227              	.LVL5:
 228              	.LFB70:
  30:Src/io.c      ****     io_events = callback;
 229              		.loc 1 30 52 is_stmt 1 view -0
 230              		.cfi_startproc
 231              		@ args = 0, pretend = 0, frame = 0
 232              		@ frame_needed = 0, uses_anonymous_args = 0
 233              		@ link register save eliminated.
  31:Src/io.c      **** }
 234              		.loc 1 31 5 view .LVU51
  31:Src/io.c      **** }
 235              		.loc 1 31 15 is_stmt 0 view .LVU52
 236 0000 014B     		ldr	r3, .L15
 237 0002 1860     		str	r0, [r3]
  32:Src/io.c      **** 
 238              		.loc 1 32 1 view .LVU53
 239 0004 7047     		bx	lr
 240              	.L16:
 241 0006 00BF     		.align	2
 242              	.L15:
 243 0008 00000000 		.word	.LANCHOR0
 244              		.cfi_endproc
 245              	.LFE70:
 247              		.section	.text.gpio_create,"ax",%progbits
ARM GAS  C:\Users\Vento\AppData\Local\Temp\ccyqHB4C.s 			page 7


 248              		.align	1
 249              		.global	gpio_create
 250              		.syntax unified
 251              		.thumb
 252              		.thumb_func
 253              		.fpu softvfp
 255              	gpio_create:
 256              	.LVL6:
 257              	.LFB71:
  34:Src/io.c      ****     return NULL;
 258              		.loc 1 34 93 is_stmt 1 view -0
 259              		.cfi_startproc
 260              		@ args = 4, pretend = 0, frame = 0
 261              		@ frame_needed = 0, uses_anonymous_args = 0
 262              		@ link register save eliminated.
  35:Src/io.c      **** }
 263              		.loc 1 35 5 view .LVU55
  36:Src/io.c      **** 
 264              		.loc 1 36 1 is_stmt 0 view .LVU56
 265 0000 0020     		movs	r0, #0
 266              	.LVL7:
  36:Src/io.c      **** 
 267              		.loc 1 36 1 view .LVU57
 268 0002 7047     		bx	lr
 269              		.cfi_endproc
 270              	.LFE71:
 272              		.section	.text.gpio_create_static,"ax",%progbits
 273              		.align	1
 274              		.global	gpio_create_static
 275              		.syntax unified
 276              		.thumb
 277              		.thumb_func
 278              		.fpu softvfp
 280              	gpio_create_static:
 281              	.LVL8:
 282              	.LFB72:
  38:Src/io.c      ****     static gpio_t gpio = {0};
 283              		.loc 1 38 100 is_stmt 1 view -0
 284              		.cfi_startproc
 285              		@ args = 4, pretend = 0, frame = 0
 286              		@ frame_needed = 0, uses_anonymous_args = 0
 287              		@ link register save eliminated.
  38:Src/io.c      ****     static gpio_t gpio = {0};
 288              		.loc 1 38 100 is_stmt 0 view .LVU59
 289 0000 10B4     		push	{r4}
 290              	.LCFI2:
 291              		.cfi_def_cfa_offset 4
 292              		.cfi_offset 4, -4
 293 0002 0446     		mov	r4, r0
  39:Src/io.c      ****     gpio.port = port;
 294              		.loc 1 39 5 is_stmt 1 view .LVU60
  40:Src/io.c      ****     gpio.pin = pin;
 295              		.loc 1 40 5 view .LVU61
  40:Src/io.c      ****     gpio.pin = pin;
 296              		.loc 1 40 15 is_stmt 0 view .LVU62
 297 0004 0548     		ldr	r0, .L20
 298              	.LVL9:
ARM GAS  C:\Users\Vento\AppData\Local\Temp\ccyqHB4C.s 			page 8


  40:Src/io.c      ****     gpio.pin = pin;
 299              		.loc 1 40 15 view .LVU63
 300 0006 4460     		str	r4, [r0, #4]
  41:Src/io.c      ****     gpio.mode = mode;
 301              		.loc 1 41 5 is_stmt 1 view .LVU64
  41:Src/io.c      ****     gpio.mode = mode;
 302              		.loc 1 41 14 is_stmt 0 view .LVU65
 303 0008 8160     		str	r1, [r0, #8]
  42:Src/io.c      ****     gpio.speed = speed;
 304              		.loc 1 42 5 is_stmt 1 view .LVU66
  42:Src/io.c      ****     gpio.speed = speed;
 305              		.loc 1 42 15 is_stmt 0 view .LVU67
 306 000a C260     		str	r2, [r0, #12]
  43:Src/io.c      ****     gpio.pull = pull;
 307              		.loc 1 43 5 is_stmt 1 view .LVU68
  43:Src/io.c      ****     gpio.pull = pull;
 308              		.loc 1 43 16 is_stmt 0 view .LVU69
 309 000c 0361     		str	r3, [r0, #16]
  44:Src/io.c      ****     gpio.proc = &gpio_proc;
 310              		.loc 1 44 5 is_stmt 1 view .LVU70
  44:Src/io.c      ****     gpio.proc = &gpio_proc;
 311              		.loc 1 44 15 is_stmt 0 view .LVU71
 312 000e 019B     		ldr	r3, [sp, #4]
 313              	.LVL10:
  44:Src/io.c      ****     gpio.proc = &gpio_proc;
 314              		.loc 1 44 15 view .LVU72
 315 0010 4361     		str	r3, [r0, #20]
  45:Src/io.c      ****     return &gpio;
 316              		.loc 1 45 5 is_stmt 1 view .LVU73
  45:Src/io.c      ****     return &gpio;
 317              		.loc 1 45 15 is_stmt 0 view .LVU74
 318 0012 034B     		ldr	r3, .L20+4
 319 0014 0360     		str	r3, [r0]
  46:Src/io.c      **** }
 320              		.loc 1 46 5 is_stmt 1 view .LVU75
  47:Src/io.c      **** 
 321              		.loc 1 47 1 is_stmt 0 view .LVU76
 322 0016 10BC     		pop	{r4}
 323              	.LCFI3:
 324              		.cfi_restore 4
 325              		.cfi_def_cfa_offset 0
 326              	.LVL11:
  47:Src/io.c      **** 
 327              		.loc 1 47 1 view .LVU77
 328 0018 7047     		bx	lr
 329              	.L21:
 330 001a 00BF     		.align	2
 331              	.L20:
 332 001c 00000000 		.word	.LANCHOR1
 333 0020 00000000 		.word	.LANCHOR2
 334              		.cfi_endproc
 335              	.LFE72:
 337              		.section	.text.gpio_create_base,"ax",%progbits
 338              		.align	1
 339              		.global	gpio_create_base
 340              		.syntax unified
 341              		.thumb
ARM GAS  C:\Users\Vento\AppData\Local\Temp\ccyqHB4C.s 			page 9


 342              		.thumb_func
 343              		.fpu softvfp
 345              	gpio_create_base:
 346              	.LVL12:
 347              	.LFB73:
  49:Src/io.c      ****     if (init != NULL) {
 348              		.loc 1 49 112 is_stmt 1 view -0
 349              		.cfi_startproc
 350              		@ args = 8, pretend = 0, frame = 0
 351              		@ frame_needed = 0, uses_anonymous_args = 0
 352              		@ link register save eliminated.
  49:Src/io.c      ****     if (init != NULL) {
 353              		.loc 1 49 112 is_stmt 0 view .LVU79
 354 0000 10B4     		push	{r4}
 355              	.LCFI4:
 356              		.cfi_def_cfa_offset 4
 357              		.cfi_offset 4, -4
  50:Src/io.c      **** 		init->pin = pin;
 358              		.loc 1 50 5 is_stmt 1 view .LVU80
  50:Src/io.c      **** 		init->pin = pin;
 359              		.loc 1 50 8 is_stmt 0 view .LVU81
 360 0002 30B1     		cbz	r0, .L23
  51:Src/io.c      **** 		init->port = port;
 361              		.loc 1 51 3 is_stmt 1 view .LVU82
  51:Src/io.c      **** 		init->port = port;
 362              		.loc 1 51 13 is_stmt 0 view .LVU83
 363 0004 8260     		str	r2, [r0, #8]
  52:Src/io.c      ****         init->mode = mode;
 364              		.loc 1 52 3 is_stmt 1 view .LVU84
  52:Src/io.c      ****         init->mode = mode;
 365              		.loc 1 52 14 is_stmt 0 view .LVU85
 366 0006 4160     		str	r1, [r0, #4]
  53:Src/io.c      ****         init->speed = speed;
 367              		.loc 1 53 9 is_stmt 1 view .LVU86
  53:Src/io.c      ****         init->speed = speed;
 368              		.loc 1 53 20 is_stmt 0 view .LVU87
 369 0008 C360     		str	r3, [r0, #12]
  54:Src/io.c      **** 		init->proc = &gpio_proc;
 370              		.loc 1 54 9 is_stmt 1 view .LVU88
  54:Src/io.c      **** 		init->proc = &gpio_proc;
 371              		.loc 1 54 21 is_stmt 0 view .LVU89
 372 000a 019B     		ldr	r3, [sp, #4]
 373              	.LVL13:
  54:Src/io.c      **** 		init->proc = &gpio_proc;
 374              		.loc 1 54 21 view .LVU90
 375 000c 0361     		str	r3, [r0, #16]
  55:Src/io.c      **** 	}
 376              		.loc 1 55 3 is_stmt 1 view .LVU91
  55:Src/io.c      **** 	}
 377              		.loc 1 55 14 is_stmt 0 view .LVU92
 378 000e 024B     		ldr	r3, .L25
 379 0010 0360     		str	r3, [r0]
 380              	.LVL14:
 381              	.L23:
  57:Src/io.c      **** }
 382              		.loc 1 57 2 is_stmt 1 view .LVU93
  58:Src/io.c      **** 
ARM GAS  C:\Users\Vento\AppData\Local\Temp\ccyqHB4C.s 			page 10


 383              		.loc 1 58 1 is_stmt 0 view .LVU94
 384 0012 10BC     		pop	{r4}
 385              	.LCFI5:
 386              		.cfi_restore 4
 387              		.cfi_def_cfa_offset 0
 388              	.LVL15:
  58:Src/io.c      **** 
 389              		.loc 1 58 1 view .LVU95
 390 0014 7047     		bx	lr
 391              	.L26:
 392 0016 00BF     		.align	2
 393              	.L25:
 394 0018 00000000 		.word	.LANCHOR2
 395              		.cfi_endproc
 396              	.LFE73:
 398              		.section	.text.gpio_config,"ax",%progbits
 399              		.align	1
 400              		.global	gpio_config
 401              		.syntax unified
 402              		.thumb
 403              		.thumb_func
 404              		.fpu softvfp
 406              	gpio_config:
 407              	.LVL16:
 408              	.LFB76:
  76:Src/io.c      **** 
  77:Src/io.c      **** void gpio_config(gpio_t* gpio){
 409              		.loc 1 77 31 is_stmt 1 view -0
 410              		.cfi_startproc
 411              		@ args = 0, pretend = 0, frame = 16
 412              		@ frame_needed = 0, uses_anonymous_args = 0
 413              		.loc 1 77 31 is_stmt 0 view .LVU97
 414 0000 00B5     		push	{lr}
 415              	.LCFI6:
 416              		.cfi_def_cfa_offset 4
 417              		.cfi_offset 14, -4
 418 0002 85B0     		sub	sp, sp, #20
 419              	.LCFI7:
 420              		.cfi_def_cfa_offset 24
  78:Src/io.c      **** 	GPIO_InitTypeDef gpio_struct_init;
 421              		.loc 1 78 2 is_stmt 1 view .LVU98
  79:Src/io.c      **** 	gpio_struct_init.Mode = gpio->mode;
 422              		.loc 1 79 2 view .LVU99
 423              		.loc 1 79 30 is_stmt 0 view .LVU100
 424 0004 C368     		ldr	r3, [r0, #12]
 425              		.loc 1 79 24 view .LVU101
 426 0006 0193     		str	r3, [sp, #4]
  80:Src/io.c      **** 	gpio_struct_init.Pin = gpio->pin;
 427              		.loc 1 80 2 is_stmt 1 view .LVU102
 428              		.loc 1 80 29 is_stmt 0 view .LVU103
 429 0008 8368     		ldr	r3, [r0, #8]
 430              		.loc 1 80 23 view .LVU104
 431 000a 0093     		str	r3, [sp]
  81:Src/io.c      **** 	gpio_struct_init.Pull = gpio->pull;
 432              		.loc 1 81 2 is_stmt 1 view .LVU105
 433              		.loc 1 81 30 is_stmt 0 view .LVU106
 434 000c 4369     		ldr	r3, [r0, #20]
ARM GAS  C:\Users\Vento\AppData\Local\Temp\ccyqHB4C.s 			page 11


 435              		.loc 1 81 24 view .LVU107
 436 000e 0293     		str	r3, [sp, #8]
  82:Src/io.c      **** 	gpio_struct_init.Speed = gpio->speed;
 437              		.loc 1 82 2 is_stmt 1 view .LVU108
 438              		.loc 1 82 31 is_stmt 0 view .LVU109
 439 0010 0369     		ldr	r3, [r0, #16]
 440              		.loc 1 82 25 view .LVU110
 441 0012 0393     		str	r3, [sp, #12]
  83:Src/io.c      **** 	HAL_GPIO_Init((GPIO_TypeDef*)(gpio->port), &gpio_struct_init);
 442              		.loc 1 83 2 is_stmt 1 view .LVU111
 443 0014 6946     		mov	r1, sp
 444 0016 4068     		ldr	r0, [r0, #4]
 445              	.LVL17:
 446              		.loc 1 83 2 is_stmt 0 view .LVU112
 447 0018 FFF7FEFF 		bl	HAL_GPIO_Init
 448              	.LVL18:
  84:Src/io.c      **** }
 449              		.loc 1 84 1 view .LVU113
 450 001c 05B0     		add	sp, sp, #20
 451              	.LCFI8:
 452              		.cfi_def_cfa_offset 4
 453              		@ sp needed
 454 001e 5DF804FB 		ldr	pc, [sp], #4
 455              		.cfi_endproc
 456              	.LFE76:
 458              		.section	.bss.gpio.0,"aw",%nobits
 459              		.align	2
 460              		.set	.LANCHOR1,. + 0
 463              	gpio.0:
 464 0000 00000000 		.space	24
 464      00000000 
 464      00000000 
 464      00000000 
 464      00000000 
 465              		.section	.bss.io_events,"aw",%nobits
 466              		.align	2
 467              		.set	.LANCHOR0,. + 0
 470              	io_events:
 471 0000 00000000 		.space	4
 472              		.section	.data.gpio_proc,"aw"
 473              		.align	2
 474              		.set	.LANCHOR2,. + 0
 477              	gpio_proc:
 478 0000 00000000 		.word	gpio_get_state
 479 0004 00000000 		.word	gpio_set_state
 480              		.text
 481              	.Letext0:
 482              		.file 2 "d:\\tools\\gcc-arm-none-eabi-10.3-2021.07\\arm-none-eabi\\include\\machine\\_default_type
 483              		.file 3 "d:\\tools\\gcc-arm-none-eabi-10.3-2021.07\\arm-none-eabi\\include\\sys\\_stdint.h"
 484              		.file 4 "Drivers/CMSIS/Device/ST/STM32F1xx/Include/stm32f103xe.h"
 485              		.file 5 "Drivers/STM32F1xx_HAL_Driver/Inc/stm32f1xx_hal_gpio.h"
 486              		.file 6 "Inc/io.h"
ARM GAS  C:\Users\Vento\AppData\Local\Temp\ccyqHB4C.s 			page 12


DEFINED SYMBOLS
                            *ABS*:00000000 io.c
C:\Users\Vento\AppData\Local\Temp\ccyqHB4C.s:16     .text.gpio_get_state:00000000 $t
C:\Users\Vento\AppData\Local\Temp\ccyqHB4C.s:24     .text.gpio_get_state:00000000 gpio_get_state
C:\Users\Vento\AppData\Local\Temp\ccyqHB4C.s:62     .text.gpio_set_state:00000000 $t
C:\Users\Vento\AppData\Local\Temp\ccyqHB4C.s:69     .text.gpio_set_state:00000000 gpio_set_state
C:\Users\Vento\AppData\Local\Temp\ccyqHB4C.s:104    .text.initIO:00000000 $t
C:\Users\Vento\AppData\Local\Temp\ccyqHB4C.s:111    .text.initIO:00000000 initIO
C:\Users\Vento\AppData\Local\Temp\ccyqHB4C.s:177    .text.initIO:00000040 $d
C:\Users\Vento\AppData\Local\Temp\ccyqHB4C.s:182    .text.deinitIO:00000000 $t
C:\Users\Vento\AppData\Local\Temp\ccyqHB4C.s:189    .text.deinitIO:00000000 deinitIO
C:\Users\Vento\AppData\Local\Temp\ccyqHB4C.s:214    .text.deinitIO:0000001c $d
C:\Users\Vento\AppData\Local\Temp\ccyqHB4C.s:219    .text.registerIOIntr:00000000 $t
C:\Users\Vento\AppData\Local\Temp\ccyqHB4C.s:226    .text.registerIOIntr:00000000 registerIOIntr
C:\Users\Vento\AppData\Local\Temp\ccyqHB4C.s:243    .text.registerIOIntr:00000008 $d
C:\Users\Vento\AppData\Local\Temp\ccyqHB4C.s:248    .text.gpio_create:00000000 $t
C:\Users\Vento\AppData\Local\Temp\ccyqHB4C.s:255    .text.gpio_create:00000000 gpio_create
C:\Users\Vento\AppData\Local\Temp\ccyqHB4C.s:273    .text.gpio_create_static:00000000 $t
C:\Users\Vento\AppData\Local\Temp\ccyqHB4C.s:280    .text.gpio_create_static:00000000 gpio_create_static
C:\Users\Vento\AppData\Local\Temp\ccyqHB4C.s:332    .text.gpio_create_static:0000001c $d
C:\Users\Vento\AppData\Local\Temp\ccyqHB4C.s:338    .text.gpio_create_base:00000000 $t
C:\Users\Vento\AppData\Local\Temp\ccyqHB4C.s:345    .text.gpio_create_base:00000000 gpio_create_base
C:\Users\Vento\AppData\Local\Temp\ccyqHB4C.s:394    .text.gpio_create_base:00000018 $d
C:\Users\Vento\AppData\Local\Temp\ccyqHB4C.s:399    .text.gpio_config:00000000 $t
C:\Users\Vento\AppData\Local\Temp\ccyqHB4C.s:406    .text.gpio_config:00000000 gpio_config
C:\Users\Vento\AppData\Local\Temp\ccyqHB4C.s:459    .bss.gpio.0:00000000 $d
C:\Users\Vento\AppData\Local\Temp\ccyqHB4C.s:463    .bss.gpio.0:00000000 gpio.0
C:\Users\Vento\AppData\Local\Temp\ccyqHB4C.s:466    .bss.io_events:00000000 $d
C:\Users\Vento\AppData\Local\Temp\ccyqHB4C.s:470    .bss.io_events:00000000 io_events
C:\Users\Vento\AppData\Local\Temp\ccyqHB4C.s:473    .data.gpio_proc:00000000 $d
C:\Users\Vento\AppData\Local\Temp\ccyqHB4C.s:477    .data.gpio_proc:00000000 gpio_proc

UNDEFINED SYMBOLS
HAL_GPIO_Init
